Started GET "/" for 175.134.206.160 at 2021-10-03 09:22:24 +0000
Cannot render console from 175.134.206.160! Allowed networks: 127.0.0.1, ::1, 127.0.0.0/127.255.255.255
Processing by HomesController#top as HTML
  Rendering homes/top.html.erb within layouts/application
  Rendered homes/top.html.erb within layouts/application (1.7ms)
Started GET "/" for 175.134.206.160 at 2021-10-03 09:22:25 +0000
Cannot render console from 175.134.206.160! Allowed networks: 127.0.0.1, ::1, 127.0.0.0/127.255.255.255
Processing by HomesController#top as HTML
Started GET "/" for 175.134.206.160 at 2021-10-03 09:22:25 +0000
Cannot render console from 175.134.206.160! Allowed networks: 127.0.0.1, ::1, 127.0.0.0/127.255.255.255
Processing by HomesController#top as HTML
  Rendering homes/top.html.erb within layouts/application
  Rendered homes/top.html.erb within layouts/application (0.7ms)
  Rendering homes/top.html.erb within layouts/application
  Rendered homes/top.html.erb within layouts/application (0.5ms)
Started GET "/" for 175.134.206.160 at 2021-10-03 09:22:27 +0000
Cannot render console from 175.134.206.160! Allowed networks: 127.0.0.1, ::1, 127.0.0.0/127.255.255.255
Processing by HomesController#top as HTML
  Rendering homes/top.html.erb within layouts/application
  Rendered homes/top.html.erb within layouts/application (0.7ms)
Completed 200 OK in 10030ms (Views: 10003.2ms | ActiveRecord: 0.0ms)


Completed 200 OK in 9144ms (Views: 9142.8ms | ActiveRecord: 0.0ms)


Completed 200 OK in 9180ms (Views: 9179.1ms | ActiveRecord: 0.0ms)


Completed 200 OK in 7404ms (Views: 7403.6ms | ActiveRecord: 0.0ms)


Started GET "/users/sign_up" for 175.134.206.160 at 2021-10-03 09:22:39 +0000
Cannot render console from 175.134.206.160! Allowed networks: 127.0.0.1, ::1, 127.0.0.0/127.255.255.255
Processing by Devise::RegistrationsController#new as HTML
Completed 500 Internal Server Error in 25ms (ActiveRecord: 18.7ms)


  
ActiveRecord::StatementInvalid (Could not find table 'users'):
  
activerecord (5.2.6) lib/active_record/connection_adapters/sqlite3_adapter.rb:397:in `table_structure'
activerecord (5.2.6) lib/active_record/connection_adapters/abstract/schema_statements.rb:113:in `columns'
activerecord (5.2.6) lib/active_record/connection_adapters/schema_cache.rb:69:in `columns'
activerecord (5.2.6) lib/active_record/connection_adapters/schema_cache.rb:75:in `columns_hash'
activerecord (5.2.6) lib/active_record/model_schema.rb:466:in `load_schema!'
activerecord (5.2.6) lib/active_record/attributes.rb:234:in `load_schema!'
activerecord (5.2.6) lib/active_record/attribute_decorators.rb:51:in `load_schema!'
activerecord (5.2.6) lib/active_record/model_schema.rb:459:in `block in load_schema'
/home/ec2-user/.rvm/rubies/ruby-2.6.3/lib/ruby/2.6.0/monitor.rb:230:in `mon_synchronize'
activerecord (5.2.6) lib/active_record/model_schema.rb:456:in `load_schema'
activerecord (5.2.6) lib/active_record/model_schema.rb:346:in `attribute_types'
activerecord (5.2.6) lib/active_record/attribute_methods.rb:230:in `has_attribute?'
activerecord (5.2.6) lib/active_record/inheritance.rb:55:in `new'
devise (4.8.0) lib/devise/models/registerable.rb:22:in `new_with_session'
devise (4.8.0) app/controllers/devise/registrations_controller.rb:100:in `build_resource'
devise (4.8.0) app/controllers/devise/registrations_controller.rb:10:in `new'
actionpack (5.2.6) lib/action_controller/metal/basic_implicit_render.rb:6:in `send_action'
actionpack (5.2.6) lib/abstract_controller/base.rb:194:in `process_action'
actionpack (5.2.6) lib/action_controller/metal/rendering.rb:30:in `process_action'
actionpack (5.2.6) lib/abstract_controller/callbacks.rb:42:in `block in process_action'
activesupport (5.2.6) lib/active_support/callbacks.rb:132:in `run_callbacks'
actionpack (5.2.6) lib/abstract_controller/callbacks.rb:41:in `process_action'
actionpack (5.2.6) lib/action_controller/metal/rescue.rb:22:in `process_action'
actionpack (5.2.6) lib/action_controller/metal/instrumentation.rb:34:in `block in process_action'
activesupport (5.2.6) lib/active_support/notifications.rb:168:in `block in instrument'
activesupport (5.2.6) lib/active_support/notifications/instrumenter.rb:23:in `instrument'
activesupport (5.2.6) lib/active_support/notifications.rb:168:in `instrument'
actionpack (5.2.6) lib/action_controller/metal/instrumentation.rb:32:in `process_action'
actionpack (5.2.6) lib/action_controller/metal/params_wrapper.rb:256:in `process_action'
activerecord (5.2.6) lib/active_record/railties/controller_runtime.rb:24:in `process_action'
actionpack (5.2.6) lib/abstract_controller/base.rb:134:in `process'
actionview (5.2.6) lib/action_view/rendering.rb:32:in `process'
actionpack (5.2.6) lib/action_controller/metal.rb:191:in `dispatch'
actionpack (5.2.6) lib/action_controller/metal.rb:252:in `dispatch'
actionpack (5.2.6) lib/action_dispatch/routing/route_set.rb:52:in `dispatch'
actionpack (5.2.6) lib/action_dispatch/routing/route_set.rb:34:in `serve'
actionpack (5.2.6) lib/action_dispatch/routing/mapper.rb:18:in `block in <class:Constraints>'
actionpack (5.2.6) lib/action_dispatch/routing/mapper.rb:48:in `serve'
actionpack (5.2.6) lib/action_dispatch/journey/router.rb:52:in `block in serve'
actionpack (5.2.6) lib/action_dispatch/journey/router.rb:35:in `each'
actionpack (5.2.6) lib/action_dispatch/journey/router.rb:35:in `serve'
actionpack (5.2.6) lib/action_dispatch/routing/route_set.rb:840:in `call'
warden (1.2.9) lib/warden/manager.rb:36:in `block in call'
warden (1.2.9) lib/warden/manager.rb:34:in `catch'
warden (1.2.9) lib/warden/manager.rb:34:in `call'
rack (2.2.3) lib/rack/tempfile_reaper.rb:15:in `call'
rack (2.2.3) lib/rack/etag.rb:27:in `call'
rack (2.2.3) lib/rack/conditional_get.rb:27:in `call'
rack (2.2.3) lib/rack/head.rb:12:in `call'
actionpack (5.2.6) lib/action_dispatch/http/content_security_policy.rb:18:in `call'
rack (2.2.3) lib/rack/session/abstract/id.rb:266:in `context'
rack (2.2.3) lib/rack/session/abstract/id.rb:260:in `call'
actionpack (5.2.6) lib/action_dispatch/middleware/cookies.rb:670:in `call'
activerecord (5.2.6) lib/active_record/migration.rb:559:in `call'
actionpack (5.2.6) lib/action_dispatch/middleware/callbacks.rb:28:in `block in call'
activesupport (5.2.6) lib/active_support/callbacks.rb:98:in `run_callbacks'
actionpack (5.2.6) lib/action_dispatch/middleware/callbacks.rb:26:in `call'
actionpack (5.2.6) lib/action_dispatch/middleware/executor.rb:14:in `call'
actionpack (5.2.6) lib/action_dispatch/middleware/debug_exceptions.rb:61:in `call'
web-console (3.7.0) lib/web_console/middleware.rb:135:in `call_app'
web-console (3.7.0) lib/web_console/middleware.rb:22:in `block in call'
web-console (3.7.0) lib/web_console/middleware.rb:20:in `catch'
web-console (3.7.0) lib/web_console/middleware.rb:20:in `call'
actionpack (5.2.6) lib/action_dispatch/middleware/show_exceptions.rb:33:in `call'
railties (5.2.6) lib/rails/rack/logger.rb:38:in `call_app'
railties (5.2.6) lib/rails/rack/logger.rb:26:in `block in call'
activesupport (5.2.6) lib/active_support/tagged_logging.rb:71:in `block in tagged'
activesupport (5.2.6) lib/active_support/tagged_logging.rb:28:in `tagged'
activesupport (5.2.6) lib/active_support/tagged_logging.rb:71:in `tagged'
railties (5.2.6) lib/rails/rack/logger.rb:26:in `call'
sprockets-rails (3.2.2) lib/sprockets/rails/quiet_assets.rb:13:in `call'
actionpack (5.2.6) lib/action_dispatch/middleware/remote_ip.rb:81:in `call'
actionpack (5.2.6) lib/action_dispatch/middleware/request_id.rb:27:in `call'
rack (2.2.3) lib/rack/method_override.rb:24:in `call'
rack (2.2.3) lib/rack/runtime.rb:22:in `call'
activesupport (5.2.6) lib/active_support/cache/strategy/local_cache_middleware.rb:29:in `call'
actionpack (5.2.6) lib/action_dispatch/middleware/executor.rb:14:in `call'
actionpack (5.2.6) lib/action_dispatch/middleware/static.rb:127:in `call'
rack (2.2.3) lib/rack/sendfile.rb:110:in `call'
railties (5.2.6) lib/rails/engine.rb:524:in `call'
puma (3.12.6) lib/puma/configuration.rb:227:in `call'
puma (3.12.6) lib/puma/server.rb:706:in `handle_request'
puma (3.12.6) lib/puma/server.rb:476:in `process_client'
puma (3.12.6) lib/puma/server.rb:334:in `block in run'
puma (3.12.6) lib/puma/thread_pool.rb:135:in `block in spawn_thread'
Started GET "/" for 175.134.206.160 at 2021-10-03 09:27:02 +0000
Cannot render console from 175.134.206.160! Allowed networks: 127.0.0.1, ::1, 127.0.0.0/127.255.255.255
Processing by HomesController#top as HTML
  Rendering homes/top.html.erb within layouts/application
  Rendered homes/top.html.erb within layouts/application (1.7ms)
Completed 200 OK in 538ms (Views: 528.5ms | ActiveRecord: 0.0ms)


Started GET "/" for 175.134.206.160 at 2021-10-03 09:27:03 +0000
Cannot render console from 175.134.206.160! Allowed networks: 127.0.0.1, ::1, 127.0.0.0/127.255.255.255
Processing by HomesController#top as HTML
  Rendering homes/top.html.erb within layouts/application
  Rendered homes/top.html.erb within layouts/application (1.0ms)
Started GET "/" for 175.134.206.160 at 2021-10-03 09:27:03 +0000
Cannot render console from 175.134.206.160! Allowed networks: 127.0.0.1, ::1, 127.0.0.0/127.255.255.255
Processing by HomesController#top as HTML
  Rendering homes/top.html.erb within layouts/application
  Rendered homes/top.html.erb within layouts/application (0.6ms)
Completed 200 OK in 174ms (Views: 173.2ms | ActiveRecord: 0.0ms)


Completed 200 OK in 161ms (Views: 160.6ms | ActiveRecord: 0.0ms)


Started GET "/" for 175.134.206.160 at 2021-10-03 09:27:05 +0000
Cannot render console from 175.134.206.160! Allowed networks: 127.0.0.1, ::1, 127.0.0.0/127.255.255.255
Processing by HomesController#top as HTML
  Rendering homes/top.html.erb within layouts/application
  Rendered homes/top.html.erb within layouts/application (0.6ms)
Completed 200 OK in 132ms (Views: 130.7ms | ActiveRecord: 0.0ms)


Started GET "/users/sign_up" for 175.134.206.160 at 2021-10-03 09:27:08 +0000
Cannot render console from 175.134.206.160! Allowed networks: 127.0.0.1, ::1, 127.0.0.0/127.255.255.255
Processing by Devise::RegistrationsController#new as HTML
Completed 500 Internal Server Error in 5ms (ActiveRecord: 1.2ms)


  
ActiveRecord::StatementInvalid (Could not find table 'users'):
  
activerecord (5.2.6) lib/active_record/connection_adapters/sqlite3_adapter.rb:397:in `table_structure'
activerecord (5.2.6) lib/active_record/connection_adapters/abstract/schema_statements.rb:113:in `columns'
activerecord (5.2.6) lib/active_record/connection_adapters/schema_cache.rb:69:in `columns'
activerecord (5.2.6) lib/active_record/connection_adapters/schema_cache.rb:75:in `columns_hash'
activerecord (5.2.6) lib/active_record/model_schema.rb:466:in `load_schema!'
activerecord (5.2.6) lib/active_record/attributes.rb:234:in `load_schema!'
activerecord (5.2.6) lib/active_record/attribute_decorators.rb:51:in `load_schema!'
activerecord (5.2.6) lib/active_record/model_schema.rb:459:in `block in load_schema'
/home/ec2-user/.rvm/rubies/ruby-2.6.3/lib/ruby/2.6.0/monitor.rb:230:in `mon_synchronize'
activerecord (5.2.6) lib/active_record/model_schema.rb:456:in `load_schema'
activerecord (5.2.6) lib/active_record/model_schema.rb:346:in `attribute_types'
activerecord (5.2.6) lib/active_record/attribute_methods.rb:230:in `has_attribute?'
activerecord (5.2.6) lib/active_record/inheritance.rb:55:in `new'
devise (4.8.0) lib/devise/models/registerable.rb:22:in `new_with_session'
devise (4.8.0) app/controllers/devise/registrations_controller.rb:100:in `build_resource'
devise (4.8.0) app/controllers/devise/registrations_controller.rb:10:in `new'
actionpack (5.2.6) lib/action_controller/metal/basic_implicit_render.rb:6:in `send_action'
actionpack (5.2.6) lib/abstract_controller/base.rb:194:in `process_action'
actionpack (5.2.6) lib/action_controller/metal/rendering.rb:30:in `process_action'
actionpack (5.2.6) lib/abstract_controller/callbacks.rb:42:in `block in process_action'
activesupport (5.2.6) lib/active_support/callbacks.rb:132:in `run_callbacks'
actionpack (5.2.6) lib/abstract_controller/callbacks.rb:41:in `process_action'
actionpack (5.2.6) lib/action_controller/metal/rescue.rb:22:in `process_action'
actionpack (5.2.6) lib/action_controller/metal/instrumentation.rb:34:in `block in process_action'
activesupport (5.2.6) lib/active_support/notifications.rb:168:in `block in instrument'
activesupport (5.2.6) lib/active_support/notifications/instrumenter.rb:23:in `instrument'
activesupport (5.2.6) lib/active_support/notifications.rb:168:in `instrument'
actionpack (5.2.6) lib/action_controller/metal/instrumentation.rb:32:in `process_action'
actionpack (5.2.6) lib/action_controller/metal/params_wrapper.rb:256:in `process_action'
activerecord (5.2.6) lib/active_record/railties/controller_runtime.rb:24:in `process_action'
actionpack (5.2.6) lib/abstract_controller/base.rb:134:in `process'
actionview (5.2.6) lib/action_view/rendering.rb:32:in `process'
actionpack (5.2.6) lib/action_controller/metal.rb:191:in `dispatch'
actionpack (5.2.6) lib/action_controller/metal.rb:252:in `dispatch'
actionpack (5.2.6) lib/action_dispatch/routing/route_set.rb:52:in `dispatch'
actionpack (5.2.6) lib/action_dispatch/routing/route_set.rb:34:in `serve'
actionpack (5.2.6) lib/action_dispatch/routing/mapper.rb:18:in `block in <class:Constraints>'
actionpack (5.2.6) lib/action_dispatch/routing/mapper.rb:48:in `serve'
actionpack (5.2.6) lib/action_dispatch/journey/router.rb:52:in `block in serve'
actionpack (5.2.6) lib/action_dispatch/journey/router.rb:35:in `each'
actionpack (5.2.6) lib/action_dispatch/journey/router.rb:35:in `serve'
actionpack (5.2.6) lib/action_dispatch/routing/route_set.rb:840:in `call'
warden (1.2.9) lib/warden/manager.rb:36:in `block in call'
warden (1.2.9) lib/warden/manager.rb:34:in `catch'
warden (1.2.9) lib/warden/manager.rb:34:in `call'
rack (2.2.3) lib/rack/tempfile_reaper.rb:15:in `call'
rack (2.2.3) lib/rack/etag.rb:27:in `call'
rack (2.2.3) lib/rack/conditional_get.rb:27:in `call'
rack (2.2.3) lib/rack/head.rb:12:in `call'
actionpack (5.2.6) lib/action_dispatch/http/content_security_policy.rb:18:in `call'
rack (2.2.3) lib/rack/session/abstract/id.rb:266:in `context'
rack (2.2.3) lib/rack/session/abstract/id.rb:260:in `call'
actionpack (5.2.6) lib/action_dispatch/middleware/cookies.rb:670:in `call'
activerecord (5.2.6) lib/active_record/migration.rb:559:in `call'
actionpack (5.2.6) lib/action_dispatch/middleware/callbacks.rb:28:in `block in call'
activesupport (5.2.6) lib/active_support/callbacks.rb:98:in `run_callbacks'
actionpack (5.2.6) lib/action_dispatch/middleware/callbacks.rb:26:in `call'
actionpack (5.2.6) lib/action_dispatch/middleware/executor.rb:14:in `call'
actionpack (5.2.6) lib/action_dispatch/middleware/debug_exceptions.rb:61:in `call'
web-console (3.7.0) lib/web_console/middleware.rb:135:in `call_app'
web-console (3.7.0) lib/web_console/middleware.rb:22:in `block in call'
web-console (3.7.0) lib/web_console/middleware.rb:20:in `catch'
web-console (3.7.0) lib/web_console/middleware.rb:20:in `call'
actionpack (5.2.6) lib/action_dispatch/middleware/show_exceptions.rb:33:in `call'
railties (5.2.6) lib/rails/rack/logger.rb:38:in `call_app'
railties (5.2.6) lib/rails/rack/logger.rb:26:in `block in call'
activesupport (5.2.6) lib/active_support/tagged_logging.rb:71:in `block in tagged'
activesupport (5.2.6) lib/active_support/tagged_logging.rb:28:in `tagged'
activesupport (5.2.6) lib/active_support/tagged_logging.rb:71:in `tagged'
railties (5.2.6) lib/rails/rack/logger.rb:26:in `call'
sprockets-rails (3.2.2) lib/sprockets/rails/quiet_assets.rb:13:in `call'
actionpack (5.2.6) lib/action_dispatch/middleware/remote_ip.rb:81:in `call'
actionpack (5.2.6) lib/action_dispatch/middleware/request_id.rb:27:in `call'
rack (2.2.3) lib/rack/method_override.rb:24:in `call'
rack (2.2.3) lib/rack/runtime.rb:22:in `call'
activesupport (5.2.6) lib/active_support/cache/strategy/local_cache_middleware.rb:29:in `call'
actionpack (5.2.6) lib/action_dispatch/middleware/executor.rb:14:in `call'
actionpack (5.2.6) lib/action_dispatch/middleware/static.rb:127:in `call'
rack (2.2.3) lib/rack/sendfile.rb:110:in `call'
railties (5.2.6) lib/rails/engine.rb:524:in `call'
puma (3.12.6) lib/puma/configuration.rb:227:in `call'
puma (3.12.6) lib/puma/server.rb:706:in `handle_request'
puma (3.12.6) lib/puma/server.rb:476:in `process_client'
puma (3.12.6) lib/puma/server.rb:334:in `block in run'
puma (3.12.6) lib/puma/thread_pool.rb:135:in `block in spawn_thread'
Started GET "/" for 175.134.206.160 at 2021-10-03 10:42:14 +0000
Cannot render console from 175.134.206.160! Allowed networks: 127.0.0.1, ::1, 127.0.0.0/127.255.255.255
Processing by HomesController#top as HTML
  Rendering homes/top.html.erb within layouts/application
  Rendered homes/top.html.erb within layouts/application (1.5ms)
Completed 200 OK in 690ms (Views: 675.7ms | ActiveRecord: 0.0ms)


Started GET "/users/sign_up" for 175.134.206.160 at 2021-10-03 10:42:20 +0000
Cannot render console from 175.134.206.160! Allowed networks: 127.0.0.1, ::1, 127.0.0.0/127.255.255.255
Processing by Devise::RegistrationsController#new as HTML
Completed 500 Internal Server Error in 5ms (ActiveRecord: 2.1ms)


  
ActiveRecord::StatementInvalid (Could not find table 'users'):
  
activerecord (5.2.6) lib/active_record/connection_adapters/sqlite3_adapter.rb:397:in `table_structure'
activerecord (5.2.6) lib/active_record/connection_adapters/abstract/schema_statements.rb:113:in `columns'
activerecord (5.2.6) lib/active_record/connection_adapters/schema_cache.rb:69:in `columns'
activerecord (5.2.6) lib/active_record/connection_adapters/schema_cache.rb:75:in `columns_hash'
activerecord (5.2.6) lib/active_record/model_schema.rb:466:in `load_schema!'
activerecord (5.2.6) lib/active_record/attributes.rb:234:in `load_schema!'
activerecord (5.2.6) lib/active_record/attribute_decorators.rb:51:in `load_schema!'
activerecord (5.2.6) lib/active_record/model_schema.rb:459:in `block in load_schema'
/home/ec2-user/.rvm/rubies/ruby-2.6.3/lib/ruby/2.6.0/monitor.rb:230:in `mon_synchronize'
activerecord (5.2.6) lib/active_record/model_schema.rb:456:in `load_schema'
activerecord (5.2.6) lib/active_record/model_schema.rb:346:in `attribute_types'
activerecord (5.2.6) lib/active_record/attribute_methods.rb:230:in `has_attribute?'
activerecord (5.2.6) lib/active_record/inheritance.rb:55:in `new'
devise (4.8.0) lib/devise/models/registerable.rb:22:in `new_with_session'
devise (4.8.0) app/controllers/devise/registrations_controller.rb:100:in `build_resource'
devise (4.8.0) app/controllers/devise/registrations_controller.rb:10:in `new'
actionpack (5.2.6) lib/action_controller/metal/basic_implicit_render.rb:6:in `send_action'
actionpack (5.2.6) lib/abstract_controller/base.rb:194:in `process_action'
actionpack (5.2.6) lib/action_controller/metal/rendering.rb:30:in `process_action'
actionpack (5.2.6) lib/abstract_controller/callbacks.rb:42:in `block in process_action'
activesupport (5.2.6) lib/active_support/callbacks.rb:132:in `run_callbacks'
actionpack (5.2.6) lib/abstract_controller/callbacks.rb:41:in `process_action'
actionpack (5.2.6) lib/action_controller/metal/rescue.rb:22:in `process_action'
actionpack (5.2.6) lib/action_controller/metal/instrumentation.rb:34:in `block in process_action'
activesupport (5.2.6) lib/active_support/notifications.rb:168:in `block in instrument'
activesupport (5.2.6) lib/active_support/notifications/instrumenter.rb:23:in `instrument'
activesupport (5.2.6) lib/active_support/notifications.rb:168:in `instrument'
actionpack (5.2.6) lib/action_controller/metal/instrumentation.rb:32:in `process_action'
actionpack (5.2.6) lib/action_controller/metal/params_wrapper.rb:256:in `process_action'
activerecord (5.2.6) lib/active_record/railties/controller_runtime.rb:24:in `process_action'
actionpack (5.2.6) lib/abstract_controller/base.rb:134:in `process'
actionview (5.2.6) lib/action_view/rendering.rb:32:in `process'
actionpack (5.2.6) lib/action_controller/metal.rb:191:in `dispatch'
actionpack (5.2.6) lib/action_controller/metal.rb:252:in `dispatch'
actionpack (5.2.6) lib/action_dispatch/routing/route_set.rb:52:in `dispatch'
actionpack (5.2.6) lib/action_dispatch/routing/route_set.rb:34:in `serve'
actionpack (5.2.6) lib/action_dispatch/routing/mapper.rb:18:in `block in <class:Constraints>'
actionpack (5.2.6) lib/action_dispatch/routing/mapper.rb:48:in `serve'
actionpack (5.2.6) lib/action_dispatch/journey/router.rb:52:in `block in serve'
actionpack (5.2.6) lib/action_dispatch/journey/router.rb:35:in `each'
actionpack (5.2.6) lib/action_dispatch/journey/router.rb:35:in `serve'
actionpack (5.2.6) lib/action_dispatch/routing/route_set.rb:840:in `call'
warden (1.2.9) lib/warden/manager.rb:36:in `block in call'
warden (1.2.9) lib/warden/manager.rb:34:in `catch'
warden (1.2.9) lib/warden/manager.rb:34:in `call'
rack (2.2.3) lib/rack/tempfile_reaper.rb:15:in `call'
rack (2.2.3) lib/rack/etag.rb:27:in `call'
rack (2.2.3) lib/rack/conditional_get.rb:27:in `call'
rack (2.2.3) lib/rack/head.rb:12:in `call'
actionpack (5.2.6) lib/action_dispatch/http/content_security_policy.rb:18:in `call'
rack (2.2.3) lib/rack/session/abstract/id.rb:266:in `context'
rack (2.2.3) lib/rack/session/abstract/id.rb:260:in `call'
actionpack (5.2.6) lib/action_dispatch/middleware/cookies.rb:670:in `call'
activerecord (5.2.6) lib/active_record/migration.rb:559:in `call'
actionpack (5.2.6) lib/action_dispatch/middleware/callbacks.rb:28:in `block in call'
activesupport (5.2.6) lib/active_support/callbacks.rb:98:in `run_callbacks'
actionpack (5.2.6) lib/action_dispatch/middleware/callbacks.rb:26:in `call'
actionpack (5.2.6) lib/action_dispatch/middleware/executor.rb:14:in `call'
actionpack (5.2.6) lib/action_dispatch/middleware/debug_exceptions.rb:61:in `call'
web-console (3.7.0) lib/web_console/middleware.rb:135:in `call_app'
web-console (3.7.0) lib/web_console/middleware.rb:22:in `block in call'
web-console (3.7.0) lib/web_console/middleware.rb:20:in `catch'
web-console (3.7.0) lib/web_console/middleware.rb:20:in `call'
actionpack (5.2.6) lib/action_dispatch/middleware/show_exceptions.rb:33:in `call'
railties (5.2.6) lib/rails/rack/logger.rb:38:in `call_app'
railties (5.2.6) lib/rails/rack/logger.rb:26:in `block in call'
activesupport (5.2.6) lib/active_support/tagged_logging.rb:71:in `block in tagged'
activesupport (5.2.6) lib/active_support/tagged_logging.rb:28:in `tagged'
activesupport (5.2.6) lib/active_support/tagged_logging.rb:71:in `tagged'
railties (5.2.6) lib/rails/rack/logger.rb:26:in `call'
sprockets-rails (3.2.2) lib/sprockets/rails/quiet_assets.rb:13:in `call'
actionpack (5.2.6) lib/action_dispatch/middleware/remote_ip.rb:81:in `call'
actionpack (5.2.6) lib/action_dispatch/middleware/request_id.rb:27:in `call'
rack (2.2.3) lib/rack/method_override.rb:24:in `call'
rack (2.2.3) lib/rack/runtime.rb:22:in `call'
activesupport (5.2.6) lib/active_support/cache/strategy/local_cache_middleware.rb:29:in `call'
actionpack (5.2.6) lib/action_dispatch/middleware/executor.rb:14:in `call'
actionpack (5.2.6) lib/action_dispatch/middleware/static.rb:127:in `call'
rack (2.2.3) lib/rack/sendfile.rb:110:in `call'
railties (5.2.6) lib/rails/engine.rb:524:in `call'
puma (3.12.6) lib/puma/configuration.rb:227:in `call'
puma (3.12.6) lib/puma/server.rb:706:in `handle_request'
puma (3.12.6) lib/puma/server.rb:476:in `process_client'
puma (3.12.6) lib/puma/server.rb:334:in `block in run'
puma (3.12.6) lib/puma/thread_pool.rb:135:in `block in spawn_thread'
  [1m[35m (0.1ms)[0m  [1m[34mSELECT sqlite_version(*)[0m
  â†³ bin/rails:9
  [1m[35m (14.5ms)[0m  [1m[35mCREATE TABLE "schema_migrations" ("version" varchar NOT NULL PRIMARY KEY)[0m
  â†³ bin/rails:9
  [1m[35m (5.9ms)[0m  [1m[35mCREATE TABLE "ar_internal_metadata" ("key" varchar NOT NULL PRIMARY KEY, "value" varchar, "created_at" datetime NOT NULL, "updated_at" datetime NOT NULL)[0m
  â†³ bin/rails:9
  [1m[35m (0.1ms)[0m  [1m[34mSELECT "schema_migrations"."version" FROM "schema_migrations" ORDER BY "schema_migrations"."version" ASC[0m
  â†³ bin/rails:9
Migrating to DeviseCreateUsers (20210912044552)
  [1m[35m (0.0ms)[0m  [1m[36mbegin transaction[0m
  â†³ bin/rails:9
  [1m[35m (0.8ms)[0m  [1m[35mCREATE TABLE "users" ("id" integer PRIMARY KEY AUTOINCREMENT NOT NULL, "email" varchar DEFAULT '' NOT NULL, "encrypted_password" varchar DEFAULT '' NOT NULL, "reset_password_token" varchar, "reset_password_sent_at" datetime, "remember_created_at" datetime, "name" varchar, "created_at" datetime NOT NULL, "updated_at" datetime NOT NULL)[0m
  â†³ db/migrate/20210912044552_devise_create_users.rb:5
  [1m[35m (0.2ms)[0m  [1m[35mCREATE UNIQUE INDEX "index_users_on_email" ON "users" ("email")[0m
  â†³ db/migrate/20210912044552_devise_create_users.rb:39
  [1m[35m (0.1ms)[0m  [1m[35mCREATE UNIQUE INDEX "index_users_on_reset_password_token" ON "users" ("reset_password_token")[0m
  â†³ db/migrate/20210912044552_devise_create_users.rb:40
  [1m[36mActiveRecord::SchemaMigration Create (0.1ms)[0m  [1m[32mINSERT INTO "schema_migrations" ("version") VALUES (?)[0m  [["version", "20210912044552"]]
  â†³ bin/rails:9
  [1m[35m (5.5ms)[0m  [1m[36mcommit transaction[0m
  â†³ bin/rails:9
Migrating to AddProfileImageIdToUsers (20210914065451)
  [1m[35m (0.0ms)[0m  [1m[36mbegin transaction[0m
  â†³ bin/rails:9
  [1m[35m (0.3ms)[0m  [1m[35mALTER TABLE "users" ADD "profile_image_id" varchar[0m
  â†³ db/migrate/20210914065451_add_profile_image_id_to_users.rb:3
  [1m[36mActiveRecord::SchemaMigration Create (0.1ms)[0m  [1m[32mINSERT INTO "schema_migrations" ("version") VALUES (?)[0m  [["version", "20210914065451"]]
  â†³ bin/rails:9
  [1m[35m (3.7ms)[0m  [1m[36mcommit transaction[0m
  â†³ bin/rails:9
Migrating to CreateBooks (20210914113550)
  [1m[35m (0.0ms)[0m  [1m[36mbegin transaction[0m
  â†³ bin/rails:9
  [1m[35m (0.2ms)[0m  [1m[35mCREATE TABLE "books" ("id" integer PRIMARY KEY AUTOINCREMENT NOT NULL, "user_id" integer, "title" varchar, "body" varchar, "created_at" datetime NOT NULL, "updated_at" datetime NOT NULL)[0m
  â†³ db/migrate/20210914113550_create_books.rb:3
  [1m[36mActiveRecord::SchemaMigration Create (0.1ms)[0m  [1m[32mINSERT INTO "schema_migrations" ("version") VALUES (?)[0m  [["version", "20210914113550"]]
  â†³ bin/rails:9
  [1m[35m (4.1ms)[0m  [1m[36mcommit transaction[0m
  â†³ bin/rails:9
Migrating to AddIntroductionToUsers (20210916064645)
  [1m[35m (0.0ms)[0m  [1m[36mbegin transaction[0m
  â†³ bin/rails:9
  [1m[35m (0.2ms)[0m  [1m[35mALTER TABLE "users" ADD "introduction" text[0m
  â†³ db/migrate/20210916064645_add_introduction_to_users.rb:3
  [1m[36mActiveRecord::SchemaMigration Create (0.1ms)[0m  [1m[32mINSERT INTO "schema_migrations" ("version") VALUES (?)[0m  [["version", "20210916064645"]]
  â†³ bin/rails:9
  [1m[35m (4.5ms)[0m  [1m[36mcommit transaction[0m
  â†³ bin/rails:9
Migrating to CreateBookComments (20210924114154)
  [1m[35m (0.0ms)[0m  [1m[36mbegin transaction[0m
  â†³ bin/rails:9
  [1m[35m (0.2ms)[0m  [1m[35mCREATE TABLE "book_comments" ("id" integer PRIMARY KEY AUTOINCREMENT NOT NULL, "comment" text, "user_id" integer, "book_id" integer, "created_at" datetime NOT NULL, "updated_at" datetime NOT NULL)[0m
  â†³ db/migrate/20210924114154_create_book_comments.rb:3
  [1m[36mActiveRecord::SchemaMigration Create (0.1ms)[0m  [1m[32mINSERT INTO "schema_migrations" ("version") VALUES (?)[0m  [["version", "20210924114154"]]
  â†³ bin/rails:9
  [1m[35m (4.7ms)[0m  [1m[36mcommit transaction[0m
  â†³ bin/rails:9
Migrating to CreateFavorites (20210924120352)
  [1m[35m (0.0ms)[0m  [1m[36mbegin transaction[0m
  â†³ bin/rails:9
  [1m[35m (0.2ms)[0m  [1m[35mCREATE TABLE "favorites" ("id" integer PRIMARY KEY AUTOINCREMENT NOT NULL, "user_id" integer, "book_id" integer, "created_at" datetime NOT NULL, "updated_at" datetime NOT NULL)[0m
  â†³ db/migrate/20210924120352_create_favorites.rb:3
  [1m[36mActiveRecord::SchemaMigration Create (0.1ms)[0m  [1m[32mINSERT INTO "schema_migrations" ("version") VALUES (?)[0m  [["version", "20210924120352"]]
  â†³ bin/rails:9
  [1m[35m (4.6ms)[0m  [1m[36mcommit transaction[0m
  â†³ bin/rails:9
  [1m[36mActiveRecord::InternalMetadata Load (0.1ms)[0m  [1m[34mSELECT  "ar_internal_metadata".* FROM "ar_internal_metadata" WHERE "ar_internal_metadata"."key" = ? LIMIT ?[0m  [["key", "environment"], ["LIMIT", 1]]
  â†³ bin/rails:9
  [1m[35m (0.0ms)[0m  [1m[36mbegin transaction[0m
  â†³ bin/rails:9
  [1m[36mActiveRecord::InternalMetadata Create (1.3ms)[0m  [1m[32mINSERT INTO "ar_internal_metadata" ("key", "value", "created_at", "updated_at") VALUES (?, ?, ?, ?)[0m  [["key", "environment"], ["value", "development"], ["created_at", "2021-10-03 10:47:15.549035"], ["updated_at", "2021-10-03 10:47:15.549035"]]
  â†³ bin/rails:9
  [1m[35m (4.7ms)[0m  [1m[36mcommit transaction[0m
  â†³ bin/rails:9
  [1m[35m (0.1ms)[0m  [1m[34mSELECT "schema_migrations"."version" FROM "schema_migrations" ORDER BY "schema_migrations"."version" ASC[0m
  â†³ bin/rails:9
Started GET "/users/sign_up" for 175.134.206.160 at 2021-10-03 10:47:34 +0000
Cannot render console from 175.134.206.160! Allowed networks: 127.0.0.1, ::1, 127.0.0.0/127.255.255.255
  [1m[35m (0.1ms)[0m  [1m[34mSELECT "schema_migrations"."version" FROM "schema_migrations" ORDER BY "schema_migrations"."version" ASC[0m
  â†³ /home/ec2-user/.rvm/gems/ruby-2.6.3/gems/activerecord-5.2.6/lib/active_record/log_subscriber.rb:98
Processing by Devise::RegistrationsController#new as HTML
  Rendering devise/registrations/new.html.erb within layouts/application
  Rendered devise/shared/_error_messages.html.erb (0.4ms)
  Rendered devise/shared/_links.html.erb (2.5ms)
  Rendered devise/registrations/new.html.erb within layouts/application (56.8ms)
Completed 200 OK in 536ms (Views: 519.3ms | ActiveRecord: 0.6ms)


Started GET "/" for 175.134.206.160 at 2021-10-03 10:47:39 +0000
Cannot render console from 175.134.206.160! Allowed networks: 127.0.0.1, ::1, 127.0.0.0/127.255.255.255
Processing by HomesController#top as HTML
  Rendering homes/top.html.erb within layouts/application
  Rendered homes/top.html.erb within layouts/application (0.7ms)
Completed 200 OK in 60ms (Views: 59.5ms | ActiveRecord: 0.0ms)


Started GET "/users/sign_up" for 175.134.206.160 at 2021-10-03 10:50:03 +0000
Cannot render console from 175.134.206.160! Allowed networks: 127.0.0.1, ::1, 127.0.0.0/127.255.255.255
  [1m[35m (0.1ms)[0m  [1m[34mSELECT "schema_migrations"."version" FROM "schema_migrations" ORDER BY "schema_migrations"."version" ASC[0m
  â†³ /home/ec2-user/.rvm/gems/ruby-2.6.3/gems/activerecord-5.2.6/lib/active_record/log_subscriber.rb:98
Processing by Devise::RegistrationsController#new as HTML
  Rendering devise/registrations/new.html.erb within layouts/application
  Rendered devise/shared/_error_messages.html.erb (0.4ms)
  Rendered devise/shared/_links.html.erb (1.1ms)
  Rendered devise/registrations/new.html.erb within layouts/application (10.7ms)
Completed 200 OK in 436ms (Views: 419.0ms | ActiveRecord: 0.6ms)


Started POST "/users" for 175.134.206.160 at 2021-10-03 10:50:11 +0000
Cannot render console from 175.134.206.160! Allowed networks: 127.0.0.1, ::1, 127.0.0.0/127.255.255.255
Processing by Devise::RegistrationsController#create as HTML
  Parameters: {"utf8"=>"âœ“", "authenticity_token"=>"ja2DfRm64O/UiroJtrY78dm38921T551i7AuWHV0iftay2dcZHtAS5HRB+XE0pI6ux1+z9WrpHGwMw0NO0+Fbw==", "user"=>{"name"=>"name", "email"=>"email@a.b", "password"=>"[FILTERED]", "password_confirmation"=>"[FILTERED]"}, "commit"=>"Sign up"}
  [1m[35m (0.1ms)[0m  [1m[36mbegin transaction[0m
  â†³ /home/ec2-user/.rvm/gems/ruby-2.6.3/gems/activerecord-5.2.6/lib/active_record/log_subscriber.rb:98
  [1m[36mUser Exists (0.2ms)[0m  [1m[34mSELECT  1 AS one FROM "users" WHERE "users"."email" = ? LIMIT ?[0m  [["email", "email@a.b"], ["LIMIT", 1]]
  â†³ /home/ec2-user/.rvm/gems/ruby-2.6.3/gems/activerecord-5.2.6/lib/active_record/log_subscriber.rb:98
  [1m[36mUser Exists (0.1ms)[0m  [1m[34mSELECT  1 AS one FROM "users" WHERE "users"."name" = ? LIMIT ?[0m  [["name", "name"], ["LIMIT", 1]]
  â†³ /home/ec2-user/.rvm/gems/ruby-2.6.3/gems/activerecord-5.2.6/lib/active_record/log_subscriber.rb:98
  [1m[36mUser Create (2.3ms)[0m  [1m[32mINSERT INTO "users" ("email", "encrypted_password", "name", "created_at", "updated_at") VALUES (?, ?, ?, ?, ?)[0m  [["email", "email@a.b"], ["encrypted_password", "$2a$12$XRjK48lij1Tk/1D.TA0bX.H3s6J/n7ESF0tPvknw.yB/HkxTyfmui"], ["name", "name"], ["created_at", "2021-10-03 10:50:12.220233"], ["updated_at", "2021-10-03 10:50:12.220233"]]
  â†³ /home/ec2-user/.rvm/gems/ruby-2.6.3/gems/activerecord-5.2.6/lib/active_record/log_subscriber.rb:98
  [1m[35m (8.9ms)[0m  [1m[36mcommit transaction[0m
  â†³ /home/ec2-user/.rvm/gems/ruby-2.6.3/gems/activerecord-5.2.6/lib/active_record/log_subscriber.rb:98
Redirected to https://adaa19b01bb94c9c942412018ecf368c.vfs.cloud9.us-east-1.amazonaws.com/users/1
Completed 302 Found in 357ms (ActiveRecord: 11.6ms)


Started GET "/users/1" for 175.134.206.160 at 2021-10-03 10:50:12 +0000
Cannot render console from 175.134.206.160! Allowed networks: 127.0.0.1, ::1, 127.0.0.0/127.255.255.255
Processing by UsersController#show as HTML
  Parameters: {"id"=>"1"}
  [1m[36mUser Load (0.2ms)[0m  [1m[34mSELECT  "users".* FROM "users" WHERE "users"."id" = ? ORDER BY "users"."id" ASC LIMIT ?[0m  [["id", 1], ["LIMIT", 1]]
  â†³ /home/ec2-user/.rvm/gems/ruby-2.6.3/gems/activerecord-5.2.6/lib/active_record/log_subscriber.rb:98
  [1m[36mUser Load (0.1ms)[0m  [1m[34mSELECT  "users".* FROM "users" WHERE "users"."id" = ? LIMIT ?[0m  [["id", 1], ["LIMIT", 1]]
  â†³ app/controllers/users_controller.rb:16
  Rendering users/show.html.erb within layouts/application
  Rendered users/_info.html.erb (2.1ms)
  Rendered books/_form.html.erb (5.4ms)
  [1m[36mBook Load (0.2ms)[0m  [1m[34mSELECT "books".* FROM "books" WHERE "books"."user_id" = ?[0m  [["user_id", 1]]
  â†³ app/views/books/_index.html.erb:11
  Rendered books/_index.html.erb (8.7ms)
  Rendered users/show.html.erb within layouts/application (24.2ms)
Completed 200 OK in 164ms (Views: 119.1ms | ActiveRecord: 1.1ms)


Started POST "/books" for 175.134.206.160 at 2021-10-03 10:50:20 +0000
Cannot render console from 175.134.206.160! Allowed networks: 127.0.0.1, ::1, 127.0.0.0/127.255.255.255
Processing by BooksController#create as HTML
  Parameters: {"utf8"=>"âœ“", "authenticity_token"=>"twrw9Ndvnk1pF1oIXiCAdVv+spdeZuQCtiPtKA+wQt/VFmiUitNFzeno5/NqS2+dfJoVEtl8O609N7SzLxbFBg==", "book"=>{"title"=>"a", "body"=>"a"}, "commit"=>"Create Book"}
  [1m[36mUser Load (0.1ms)[0m  [1m[34mSELECT  "users".* FROM "users" WHERE "users"."id" = ? ORDER BY "users"."id" ASC LIMIT ?[0m  [["id", 1], ["LIMIT", 1]]
  â†³ /home/ec2-user/.rvm/gems/ruby-2.6.3/gems/activerecord-5.2.6/lib/active_record/log_subscriber.rb:98
  [1m[35m (0.1ms)[0m  [1m[36mbegin transaction[0m
  â†³ app/controllers/books_controller.rb:19
  [1m[36mUser Load (0.1ms)[0m  [1m[34mSELECT  "users".* FROM "users" WHERE "users"."id" = ? LIMIT ?[0m  [["id", 1], ["LIMIT", 1]]
  â†³ app/controllers/books_controller.rb:19
  [1m[36mBook Create (7.5ms)[0m  [1m[32mINSERT INTO "books" ("user_id", "title", "body", "created_at", "updated_at") VALUES (?, ?, ?, ?, ?)[0m  [["user_id", 1], ["title", "a"], ["body", "a"], ["created_at", "2021-10-03 10:50:20.829705"], ["updated_at", "2021-10-03 10:50:20.829705"]]
  â†³ app/controllers/books_controller.rb:19
  [1m[35m (5.8ms)[0m  [1m[36mcommit transaction[0m
  â†³ app/controllers/books_controller.rb:19
Redirected to https://adaa19b01bb94c9c942412018ecf368c.vfs.cloud9.us-east-1.amazonaws.com/books/1
Completed 302 Found in 31ms (ActiveRecord: 13.5ms)


Started GET "/books/1" for 175.134.206.160 at 2021-10-03 10:50:21 +0000
Cannot render console from 175.134.206.160! Allowed networks: 127.0.0.1, ::1, 127.0.0.0/127.255.255.255
Processing by BooksController#show as HTML
  Parameters: {"id"=>"1"}
  [1m[36mUser Load (0.1ms)[0m  [1m[34mSELECT  "users".* FROM "users" WHERE "users"."id" = ? ORDER BY "users"."id" ASC LIMIT ?[0m  [["id", 1], ["LIMIT", 1]]
  â†³ /home/ec2-user/.rvm/gems/ruby-2.6.3/gems/activerecord-5.2.6/lib/active_record/log_subscriber.rb:98
  [1m[36mBook Load (0.2ms)[0m  [1m[34mSELECT  "books".* FROM "books" WHERE "books"."id" = ? LIMIT ?[0m  [["id", 1], ["LIMIT", 1]]
  â†³ app/controllers/books_controller.rb:47
  [1m[36mUser Load (0.1ms)[0m  [1m[34mSELECT  "users".* FROM "users" WHERE "users"."id" = ? LIMIT ?[0m  [["id", 1], ["LIMIT", 1]]
  â†³ app/controllers/books_controller.rb:48
  Rendering books/show.html.erb within layouts/application
  Rendered users/_info.html.erb (2.6ms)
  Rendered books/_form.html.erb (1.7ms)
  Rendered books/show.html.erb within layouts/application (9.7ms)
Completed 500 Internal Server Error in 22ms (ActiveRecord: 0.4ms)


  
ActionView::Template::Error (The asset "no-image-icon.jpg" is not present in the asset pipeline.
):
    16:       <table class='table'>
    17:         <tr id="book_<%= @book.id %>">
    18:           <td><%= link_to user_path(@book.user) do %>
    19:             <%= attachment_image_tag(@book.user, :profile_image, :fill, 100, 100, fallback: "no-image-icon.jpg") %><br>
    20:             <%= @book.user.name %>
    21:             <% end %>
    22:           </td>
  
app/views/books/show.html.erb:19:in `block in _app_views_books_show_html_erb___3098579212593565801_70249435916840'
app/views/books/show.html.erb:18:in `_app_views_books_show_html_erb___3098579212593565801_70249435916840'
Started POST "/books" for 175.134.206.160 at 2021-10-03 10:51:30 +0000
Cannot render console from 175.134.206.160! Allowed networks: 127.0.0.1, ::1, 127.0.0.0/127.255.255.255
Processing by BooksController#create as HTML
  Parameters: {"utf8"=>"âœ“", "authenticity_token"=>"twrw9Ndvnk1pF1oIXiCAdVv+spdeZuQCtiPtKA+wQt/VFmiUitNFzeno5/NqS2+dfJoVEtl8O609N7SzLxbFBg==", "book"=>{"title"=>"a", "body"=>"a"}, "commit"=>"Create Book"}
  [1m[36mUser Load (0.1ms)[0m  [1m[34mSELECT  "users".* FROM "users" WHERE "users"."id" = ? ORDER BY "users"."id" ASC LIMIT ?[0m  [["id", 1], ["LIMIT", 1]]
  â†³ /home/ec2-user/.rvm/gems/ruby-2.6.3/gems/activerecord-5.2.6/lib/active_record/log_subscriber.rb:98
  [1m[35m (0.1ms)[0m  [1m[36mbegin transaction[0m
  â†³ app/controllers/books_controller.rb:19
  [1m[36mUser Load (0.1ms)[0m  [1m[34mSELECT  "users".* FROM "users" WHERE "users"."id" = ? LIMIT ?[0m  [["id", 1], ["LIMIT", 1]]
  â†³ app/controllers/books_controller.rb:19
  [1m[36mBook Create (0.7ms)[0m  [1m[32mINSERT INTO "books" ("user_id", "title", "body", "created_at", "updated_at") VALUES (?, ?, ?, ?, ?)[0m  [["user_id", 1], ["title", "a"], ["body", "a"], ["created_at", "2021-10-03 10:51:30.169140"], ["updated_at", "2021-10-03 10:51:30.169140"]]
  â†³ app/controllers/books_controller.rb:19
  [1m[35m (5.5ms)[0m  [1m[36mcommit transaction[0m
  â†³ app/controllers/books_controller.rb:19
Redirected to https://adaa19b01bb94c9c942412018ecf368c.vfs.cloud9.us-east-1.amazonaws.com/books/2
Completed 302 Found in 16ms (ActiveRecord: 6.5ms)


Started GET "/books/2" for 175.134.206.160 at 2021-10-03 10:51:30 +0000
Cannot render console from 175.134.206.160! Allowed networks: 127.0.0.1, ::1, 127.0.0.0/127.255.255.255
Processing by BooksController#show as HTML
  Parameters: {"id"=>"2"}
  [1m[36mUser Load (0.1ms)[0m  [1m[34mSELECT  "users".* FROM "users" WHERE "users"."id" = ? ORDER BY "users"."id" ASC LIMIT ?[0m  [["id", 1], ["LIMIT", 1]]
  â†³ /home/ec2-user/.rvm/gems/ruby-2.6.3/gems/activerecord-5.2.6/lib/active_record/log_subscriber.rb:98
  [1m[36mBook Load (0.1ms)[0m  [1m[34mSELECT  "books".* FROM "books" WHERE "books"."id" = ? LIMIT ?[0m  [["id", 2], ["LIMIT", 1]]
  â†³ app/controllers/books_controller.rb:47
  [1m[36mUser Load (0.1ms)[0m  [1m[34mSELECT  "users".* FROM "users" WHERE "users"."id" = ? LIMIT ?[0m  [["id", 1], ["LIMIT", 1]]
  â†³ app/controllers/books_controller.rb:48
  Rendering books/show.html.erb within layouts/application
  Rendered users/_info.html.erb (2.0ms)
  Rendered books/_form.html.erb (1.5ms)
  Rendered books/show.html.erb within layouts/application (393.8ms)
Completed 500 Internal Server Error in 403ms (ActiveRecord: 0.3ms)


  
ActionView::Template::Error (Missing partial favorites/_favorite-btn with {:locale=>[:en], :formats=>[:html], :variants=>[], :handlers=>[:raw, :erb, :html, :builder, :ruby, :coffee, :jbuilder]}. Searched in:
  * "/home/ec2-user/environment/bookers2/app/views"
  * "/home/ec2-user/.rvm/gems/ruby-2.6.3/gems/devise-4.8.0/app/views"
):
    22:           </td>
    23:           <td><%= link_to @book.title, book_path(@book) %></td>
    24:           <td><%= @book.body %></td>
    25:           <td class="favorite-btn"><%= render "favorites/favorite-btn", book: @book %></td>
    26:           <td class="comments-count">ã‚³ãƒ¡ãƒ³ãƒˆæ•°: <%= @book.book_comments.count %></td>
    27:           <% if @book.user == current_user %>
    28:             <td><%= link_to 'Edit', edit_book_path(@book), class: "btn btn-sm btn-success edit_book_#{@book.id}" %></td>
  
app/views/books/show.html.erb:25:in `_app_views_books_show_html_erb___3098579212593565801_70249493297100'
Started POST "/books" for 175.134.206.160 at 2021-10-03 10:57:21 +0000
Cannot render console from 175.134.206.160! Allowed networks: 127.0.0.1, ::1, 127.0.0.0/127.255.255.255
Processing by BooksController#create as HTML
  Parameters: {"utf8"=>"âœ“", "authenticity_token"=>"twrw9Ndvnk1pF1oIXiCAdVv+spdeZuQCtiPtKA+wQt/VFmiUitNFzeno5/NqS2+dfJoVEtl8O609N7SzLxbFBg==", "book"=>{"title"=>"a", "body"=>"a"}, "commit"=>"Create Book"}
  [1m[36mUser Load (0.1ms)[0m  [1m[34mSELECT  "users".* FROM "users" WHERE "users"."id" = ? ORDER BY "users"."id" ASC LIMIT ?[0m  [["id", 1], ["LIMIT", 1]]
  â†³ /home/ec2-user/.rvm/gems/ruby-2.6.3/gems/activerecord-5.2.6/lib/active_record/log_subscriber.rb:98
  [1m[35m (0.0ms)[0m  [1m[36mbegin transaction[0m
  â†³ app/controllers/books_controller.rb:19
  [1m[36mUser Load (0.1ms)[0m  [1m[34mSELECT  "users".* FROM "users" WHERE "users"."id" = ? LIMIT ?[0m  [["id", 1], ["LIMIT", 1]]
  â†³ app/controllers/books_controller.rb:19
  [1m[36mBook Create (1.3ms)[0m  [1m[32mINSERT INTO "books" ("user_id", "title", "body", "created_at", "updated_at") VALUES (?, ?, ?, ?, ?)[0m  [["user_id", 1], ["title", "a"], ["body", "a"], ["created_at", "2021-10-03 10:57:21.567084"], ["updated_at", "2021-10-03 10:57:21.567084"]]
  â†³ app/controllers/books_controller.rb:19
  [1m[35m (3.8ms)[0m  [1m[36mcommit transaction[0m
  â†³ app/controllers/books_controller.rb:19
Redirected to https://adaa19b01bb94c9c942412018ecf368c.vfs.cloud9.us-east-1.amazonaws.com/books/3
Completed 302 Found in 15ms (ActiveRecord: 5.4ms)


Started GET "/books/3" for 175.134.206.160 at 2021-10-03 10:57:21 +0000
Cannot render console from 175.134.206.160! Allowed networks: 127.0.0.1, ::1, 127.0.0.0/127.255.255.255
Processing by BooksController#show as HTML
  Parameters: {"id"=>"3"}
  [1m[36mUser Load (0.4ms)[0m  [1m[34mSELECT  "users".* FROM "users" WHERE "users"."id" = ? ORDER BY "users"."id" ASC LIMIT ?[0m  [["id", 1], ["LIMIT", 1]]
  â†³ /home/ec2-user/.rvm/gems/ruby-2.6.3/gems/activerecord-5.2.6/lib/active_record/log_subscriber.rb:98
  [1m[36mBook Load (0.2ms)[0m  [1m[34mSELECT  "books".* FROM "books" WHERE "books"."id" = ? LIMIT ?[0m  [["id", 3], ["LIMIT", 1]]
  â†³ app/controllers/books_controller.rb:47
  [1m[36mUser Load (0.1ms)[0m  [1m[34mSELECT  "users".* FROM "users" WHERE "users"."id" = ? LIMIT ?[0m  [["id", 1], ["LIMIT", 1]]
  â†³ app/controllers/books_controller.rb:48
  Rendering books/show.html.erb within layouts/application
  Rendered users/_info.html.erb (4.1ms)
  Rendered books/_form.html.erb (1.6ms)
  [1m[36mFavorite Exists (0.1ms)[0m  [1m[34mSELECT  1 AS one FROM "favorites" WHERE "favorites"."book_id" = ? AND "favorites"."user_id" = ? LIMIT ?[0m  [["book_id", 3], ["user_id", 1], ["LIMIT", 1]]
  â†³ app/models/book.rb:10
  [1m[35m (0.1ms)[0m  [1m[34mSELECT COUNT(*) FROM "favorites" WHERE "favorites"."book_id" = ?[0m  [["book_id", 3]]
  â†³ app/views/favorites/_favorite-btn.html.erb:4
  Rendered favorites/_favorite-btn.html.erb (25.1ms)
  [1m[35m (0.1ms)[0m  [1m[34mSELECT COUNT(*) FROM "book_comments" WHERE "book_comments"."book_id" = ?[0m  [["book_id", 3]]
  â†³ app/views/books/show.html.erb:26
  Rendered book_comments/_index.html.erb (1.1ms)
  Rendered books/show.html.erb within layouts/application (48.5ms)
Completed 500 Internal Server Error in 59ms (ActiveRecord: 1.6ms)


  
SyntaxError (/home/ec2-user/environment/bookers2/app/views/book_comments/_index.html.erb:11: syntax error, unexpected tIDENTIFIER, expecting then or ';' or '\n'
...r ==create.js book_comment_user 
...              ^~~~~~~~~~~~~~~~~
/home/ec2-user/environment/bookers2/app/views/book_comments/_index.html.erb:17: syntax error, unexpected ensure, expecting end-of-input
          ensure
          ^~~~~~):
  
app/views/book_comments/_index.html.erb:11: syntax error, unexpected tIDENTIFIER, expecting then or ';' or '\n'
app/views/book_comments/_index.html.erb:17: syntax error, unexpected ensure, expecting end-of-input
app/views/books/show.html.erb:34:in `_app_views_books_show_html_erb___3098579212593565801_70249492824260'
Started POST "/books" for 175.134.206.160 at 2021-10-03 11:03:11 +0000
Cannot render console from 175.134.206.160! Allowed networks: 127.0.0.1, ::1, 127.0.0.0/127.255.255.255
Processing by BooksController#create as HTML
  Parameters: {"utf8"=>"âœ“", "authenticity_token"=>"twrw9Ndvnk1pF1oIXiCAdVv+spdeZuQCtiPtKA+wQt/VFmiUitNFzeno5/NqS2+dfJoVEtl8O609N7SzLxbFBg==", "book"=>{"title"=>"a", "body"=>"a"}, "commit"=>"Create Book"}
  [1m[36mUser Load (0.2ms)[0m  [1m[34mSELECT  "users".* FROM "users" WHERE "users"."id" = ? ORDER BY "users"."id" ASC LIMIT ?[0m  [["id", 1], ["LIMIT", 1]]
  â†³ /home/ec2-user/.rvm/gems/ruby-2.6.3/gems/activerecord-5.2.6/lib/active_record/log_subscriber.rb:98
  [1m[35m (0.0ms)[0m  [1m[36mbegin transaction[0m
  â†³ app/controllers/books_controller.rb:19
  [1m[36mUser Load (0.2ms)[0m  [1m[34mSELECT  "users".* FROM "users" WHERE "users"."id" = ? LIMIT ?[0m  [["id", 1], ["LIMIT", 1]]
  â†³ app/controllers/books_controller.rb:19
  [1m[36mBook Create (0.8ms)[0m  [1m[32mINSERT INTO "books" ("user_id", "title", "body", "created_at", "updated_at") VALUES (?, ?, ?, ?, ?)[0m  [["user_id", 1], ["title", "a"], ["body", "a"], ["created_at", "2021-10-03 11:03:11.709020"], ["updated_at", "2021-10-03 11:03:11.709020"]]
  â†³ app/controllers/books_controller.rb:19
  [1m[35m (6.2ms)[0m  [1m[36mcommit transaction[0m
  â†³ app/controllers/books_controller.rb:19
Redirected to https://adaa19b01bb94c9c942412018ecf368c.vfs.cloud9.us-east-1.amazonaws.com/books/4
Completed 302 Found in 19ms (ActiveRecord: 7.4ms)


Started GET "/books/4" for 175.134.206.160 at 2021-10-03 11:03:11 +0000
Cannot render console from 175.134.206.160! Allowed networks: 127.0.0.1, ::1, 127.0.0.0/127.255.255.255
Processing by BooksController#show as HTML
  Parameters: {"id"=>"4"}
  [1m[36mUser Load (0.1ms)[0m  [1m[34mSELECT  "users".* FROM "users" WHERE "users"."id" = ? ORDER BY "users"."id" ASC LIMIT ?[0m  [["id", 1], ["LIMIT", 1]]
  â†³ /home/ec2-user/.rvm/gems/ruby-2.6.3/gems/activerecord-5.2.6/lib/active_record/log_subscriber.rb:98
  [1m[36mBook Load (0.2ms)[0m  [1m[34mSELECT  "books".* FROM "books" WHERE "books"."id" = ? LIMIT ?[0m  [["id", 4], ["LIMIT", 1]]
  â†³ app/controllers/books_controller.rb:47
  [1m[36mUser Load (0.1ms)[0m  [1m[34mSELECT  "users".* FROM "users" WHERE "users"."id" = ? LIMIT ?[0m  [["id", 1], ["LIMIT", 1]]
  â†³ app/controllers/books_controller.rb:48
  Rendering books/show.html.erb within layouts/application
  Rendered users/_info.html.erb (1.4ms)
  Rendered books/_form.html.erb (1.6ms)
  [1m[36mFavorite Exists (0.2ms)[0m  [1m[34mSELECT  1 AS one FROM "favorites" WHERE "favorites"."book_id" = ? AND "favorites"."user_id" = ? LIMIT ?[0m  [["book_id", 4], ["user_id", 1], ["LIMIT", 1]]
  â†³ app/models/book.rb:10
  [1m[35m (0.1ms)[0m  [1m[34mSELECT COUNT(*) FROM "favorites" WHERE "favorites"."book_id" = ?[0m  [["book_id", 4]]
  â†³ app/views/favorites/_favorite-btn.html.erb:4
  Rendered favorites/_favorite-btn.html.erb (5.7ms)
  [1m[35m (0.1ms)[0m  [1m[34mSELECT COUNT(*) FROM "book_comments" WHERE "book_comments"."book_id" = ?[0m  [["book_id", 4]]
  â†³ app/views/books/show.html.erb:26
  [1m[36mBookComment Load (0.1ms)[0m  [1m[34mSELECT "book_comments".* FROM "book_comments" WHERE "book_comments"."book_id" = ?[0m  [["book_id", 4]]
  â†³ app/views/book_comments/_index.html.erb:1
  Rendered book_comments/_index.html.erb (3.7ms)
  Rendered books/show.html.erb within layouts/application (25.9ms)
Completed 500 Internal Server Error in 38ms (ActiveRecord: 0.9ms)


  
ActionView::Template::Error (undefined method `model_name' for nil:NilClass):
    33:       <table class="book_comments">
    34:         <%= render 'book_comments/index', book: @book %>
    35:       </table>
    36:       <%= form_with model:[@book,@book_comment] do |f| %>
    37:         <%= f.text_area :comment, size:"90x5" %>
    38:         <%= f.submit 'é€ä¿¡'%>
    39:       <% end %>
  
app/views/books/show.html.erb:36:in `_app_views_books_show_html_erb___3098579212593565801_70249443879760'
Started POST "/books" for 175.134.206.160 at 2021-10-03 11:14:57 +0000
Cannot render console from 175.134.206.160! Allowed networks: 127.0.0.1, ::1, 127.0.0.0/127.255.255.255
  [1m[35m (0.2ms)[0m  [1m[34mSELECT "schema_migrations"."version" FROM "schema_migrations" ORDER BY "schema_migrations"."version" ASC[0m
  â†³ /home/ec2-user/.rvm/gems/ruby-2.6.3/gems/activerecord-5.2.6/lib/active_record/log_subscriber.rb:98
Processing by BooksController#create as HTML
  Parameters: {"utf8"=>"âœ“", "authenticity_token"=>"twrw9Ndvnk1pF1oIXiCAdVv+spdeZuQCtiPtKA+wQt/VFmiUitNFzeno5/NqS2+dfJoVEtl8O609N7SzLxbFBg==", "book"=>{"title"=>"a", "body"=>"a"}, "commit"=>"Create Book"}
  [1m[36mUser Load (0.2ms)[0m  [1m[34mSELECT  "users".* FROM "users" WHERE "users"."id" = ? ORDER BY "users"."id" ASC LIMIT ?[0m  [["id", 1], ["LIMIT", 1]]
  â†³ /home/ec2-user/.rvm/gems/ruby-2.6.3/gems/activerecord-5.2.6/lib/active_record/log_subscriber.rb:98
  [1m[35m (0.0ms)[0m  [1m[36mbegin transaction[0m
  â†³ app/controllers/books_controller.rb:19
  [1m[36mUser Load (0.2ms)[0m  [1m[34mSELECT  "users".* FROM "users" WHERE "users"."id" = ? LIMIT ?[0m  [["id", 1], ["LIMIT", 1]]
  â†³ app/controllers/books_controller.rb:19
  [1m[36mBook Create (3.2ms)[0m  [1m[32mINSERT INTO "books" ("user_id", "title", "body", "created_at", "updated_at") VALUES (?, ?, ?, ?, ?)[0m  [["user_id", 1], ["title", "a"], ["body", "a"], ["created_at", "2021-10-03 11:14:57.637674"], ["updated_at", "2021-10-03 11:14:57.637674"]]
  â†³ app/controllers/books_controller.rb:19
  [1m[35m (4.5ms)[0m  [1m[36mcommit transaction[0m
  â†³ app/controllers/books_controller.rb:19
Redirected to https://adaa19b01bb94c9c942412018ecf368c.vfs.cloud9.us-east-1.amazonaws.com/books/5
Completed 302 Found in 94ms (ActiveRecord: 9.2ms)


Started GET "/books/5" for 175.134.206.160 at 2021-10-03 11:14:57 +0000
Cannot render console from 175.134.206.160! Allowed networks: 127.0.0.1, ::1, 127.0.0.0/127.255.255.255
Processing by BooksController#show as HTML
  Parameters: {"id"=>"5"}
  [1m[36mUser Load (0.1ms)[0m  [1m[34mSELECT  "users".* FROM "users" WHERE "users"."id" = ? ORDER BY "users"."id" ASC LIMIT ?[0m  [["id", 1], ["LIMIT", 1]]
  â†³ /home/ec2-user/.rvm/gems/ruby-2.6.3/gems/activerecord-5.2.6/lib/active_record/log_subscriber.rb:98
  [1m[36mBook Load (0.1ms)[0m  [1m[34mSELECT  "books".* FROM "books" WHERE "books"."id" = ? LIMIT ?[0m  [["id", 5], ["LIMIT", 1]]
  â†³ app/controllers/books_controller.rb:12
  Rendering books/show.html.erb within layouts/application
  [1m[36mUser Load (0.1ms)[0m  [1m[34mSELECT  "users".* FROM "users" WHERE "users"."id" = ? LIMIT ?[0m  [["id", 1], ["LIMIT", 1]]
  â†³ app/views/books/show.html.erb:10
  Rendered users/_info.html.erb (414.5ms)
  Rendered books/_form.html.erb (28.2ms)
  [1m[36mFavorite Exists (0.1ms)[0m  [1m[34mSELECT  1 AS one FROM "favorites" WHERE "favorites"."book_id" = ? AND "favorites"."user_id" = ? LIMIT ?[0m  [["book_id", 5], ["user_id", 1], ["LIMIT", 1]]
  â†³ app/models/book.rb:10
  [1m[35m (0.2ms)[0m  [1m[34mSELECT COUNT(*) FROM "favorites" WHERE "favorites"."book_id" = ?[0m  [["book_id", 5]]
  â†³ app/views/favorites/_favorite-btn.html.erb:4
  Rendered favorites/_favorite-btn.html.erb (18.7ms)
  [1m[35m (0.1ms)[0m  [1m[34mSELECT COUNT(*) FROM "book_comments" WHERE "book_comments"."book_id" = ?[0m  [["book_id", 5]]
  â†³ app/views/books/show.html.erb:26
  [1m[36mBookComment Load (0.1ms)[0m  [1m[34mSELECT "book_comments".* FROM "book_comments" WHERE "book_comments"."book_id" = ?[0m  [["book_id", 5]]
  â†³ app/views/book_comments/_index.html.erb:1
  Rendered book_comments/_index.html.erb (2.8ms)
  Rendered books/show.html.erb within layouts/application (484.4ms)
Completed 200 OK in 883ms (Views: 863.4ms | ActiveRecord: 1.6ms)


Started POST "/books/5/favorites" for 175.134.206.160 at 2021-10-03 11:15:03 +0000
Cannot render console from 175.134.206.160! Allowed networks: 127.0.0.1, ::1, 127.0.0.0/127.255.255.255
Processing by FavoritesController#create as JS
  Parameters: {"book_id"=>"5"}
  [1m[36mUser Load (0.1ms)[0m  [1m[34mSELECT  "users".* FROM "users" WHERE "users"."id" = ? ORDER BY "users"."id" ASC LIMIT ?[0m  [["id", 1], ["LIMIT", 1]]
  â†³ /home/ec2-user/.rvm/gems/ruby-2.6.3/gems/activerecord-5.2.6/lib/active_record/log_subscriber.rb:98
  [1m[36mBook Load (0.1ms)[0m  [1m[34mSELECT  "books".* FROM "books" WHERE "books"."id" = ? LIMIT ?[0m  [["id", 5], ["LIMIT", 1]]
  â†³ app/controllers/favorites_controller.rb:5
  [1m[35m (0.1ms)[0m  [1m[36mbegin transaction[0m
  â†³ app/controllers/favorites_controller.rb:7
  [1m[36mUser Load (0.1ms)[0m  [1m[34mSELECT  "users".* FROM "users" WHERE "users"."id" = ? LIMIT ?[0m  [["id", 1], ["LIMIT", 1]]
  â†³ app/controllers/favorites_controller.rb:7
  [1m[36mFavorite Create (3.0ms)[0m  [1m[32mINSERT INTO "favorites" ("user_id", "book_id", "created_at", "updated_at") VALUES (?, ?, ?, ?)[0m  [["user_id", 1], ["book_id", 5], ["created_at", "2021-10-03 11:15:03.534532"], ["updated_at", "2021-10-03 11:15:03.534532"]]
  â†³ app/controllers/favorites_controller.rb:7
  [1m[35m (6.1ms)[0m  [1m[36mcommit transaction[0m
  â†³ app/controllers/favorites_controller.rb:7
  Rendering favorites/create.js.erb
  [1m[36mFavorite Exists (0.2ms)[0m  [1m[34mSELECT  1 AS one FROM "favorites" WHERE "favorites"."book_id" = ? AND "favorites"."user_id" = ? LIMIT ?[0m  [["book_id", 5], ["user_id", 1], ["LIMIT", 1]]
  â†³ app/models/book.rb:10
  [1m[35m (0.1ms)[0m  [1m[34mSELECT COUNT(*) FROM "favorites" WHERE "favorites"."book_id" = ?[0m  [["book_id", 5]]
  â†³ app/views/favorites/_favorite-btn.html.erb:2
  Rendered favorites/_favorite-btn.html.erb (4.9ms)
  Rendered favorites/create.js.erb (9.1ms)
Completed 200 OK in 50ms (Views: 15.0ms | ActiveRecord: 10.0ms)


Started DELETE "/books/5/favorites" for 175.134.206.160 at 2021-10-03 11:15:06 +0000
Cannot render console from 175.134.206.160! Allowed networks: 127.0.0.1, ::1, 127.0.0.0/127.255.255.255
Processing by FavoritesController#destroy as JS
  Parameters: {"book_id"=>"5"}
  [1m[36mUser Load (0.1ms)[0m  [1m[34mSELECT  "users".* FROM "users" WHERE "users"."id" = ? ORDER BY "users"."id" ASC LIMIT ?[0m  [["id", 1], ["LIMIT", 1]]
  â†³ /home/ec2-user/.rvm/gems/ruby-2.6.3/gems/activerecord-5.2.6/lib/active_record/log_subscriber.rb:98
  [1m[36mBook Load (0.1ms)[0m  [1m[34mSELECT  "books".* FROM "books" WHERE "books"."id" = ? LIMIT ?[0m  [["id", 5], ["LIMIT", 1]]
  â†³ app/controllers/favorites_controller.rb:11
  [1m[36mFavorite Load (0.1ms)[0m  [1m[34mSELECT  "favorites".* FROM "favorites" WHERE "favorites"."book_id" = ? AND "favorites"."user_id" = ? LIMIT ?[0m  [["book_id", 5], ["user_id", 1], ["LIMIT", 1]]
  â†³ app/controllers/favorites_controller.rb:12
  [1m[35m (0.0ms)[0m  [1m[36mbegin transaction[0m
  â†³ app/controllers/favorites_controller.rb:13
  [1m[36mFavorite Destroy (0.5ms)[0m  [1m[31mDELETE FROM "favorites" WHERE "favorites"."id" = ?[0m  [["id", 1]]
  â†³ app/controllers/favorites_controller.rb:13
  [1m[35m (4.3ms)[0m  [1m[36mcommit transaction[0m
  â†³ app/controllers/favorites_controller.rb:13
  Rendering favorites/destroy.js.erb
  [1m[36mFavorite Exists (0.2ms)[0m  [1m[34mSELECT  1 AS one FROM "favorites" WHERE "favorites"."book_id" = ? AND "favorites"."user_id" = ? LIMIT ?[0m  [["book_id", 5], ["user_id", 1], ["LIMIT", 1]]
  â†³ app/models/book.rb:10
  [1m[35m (0.1ms)[0m  [1m[34mSELECT COUNT(*) FROM "favorites" WHERE "favorites"."book_id" = ?[0m  [["book_id", 5]]
  â†³ app/views/favorites/_favorite-btn.html.erb:4
  Rendered favorites/_favorite-btn.html.erb (4.7ms)
  Rendered favorites/destroy.js.erb (8.8ms)
Completed 200 OK in 34ms (Views: 14.8ms | ActiveRecord: 5.4ms)


